<?xml version="1.0" encoding="UTF-8"?>
<!-- Generated by org.testng.reporters.JUnitXMLReporter -->
<testsuite ignored="0" hostname="DESKTOP-P99ESTE" failures="3" tests="4" name="Test" time="31.443" errors="0" timestamp="2023-07-05T23:41:32 IST">
  <testcase classname="TestCases.LoginTestCase" name="verifyLogin" time="0.713">
    <failure type="java.lang.IllegalArgumentException" message="Locator must be set">
      <![CDATA[java.lang.IllegalArgumentException: Locator must be set
at org.openqa.selenium.internal.Require.nonNull(Require.java:59)
at org.openqa.selenium.remote.RemoteWebDriver.findElement(RemoteWebDriver.java:342)
at PageObjectModel.loginpageobjects.errorMessage(loginpageobjects.java:42)
at TestCases.LoginTestCase.verifyLogin(LoginTestCase.java:25)
at java.base/java.util.ArrayList.forEach(ArrayList.java:1511)
... Removed 25 stack frames]]>
    </failure>
  </testcase> <!-- verifyLogin -->
  <testcase classname="TestCases.LoginTestCase" name="verifyLogin" time="1.222">
    <failure type="java.lang.IllegalArgumentException" message="Locator must be set">
      <![CDATA[java.lang.IllegalArgumentException: Locator must be set
at org.openqa.selenium.internal.Require.nonNull(Require.java:59)
at org.openqa.selenium.remote.RemoteWebDriver.findElement(RemoteWebDriver.java:342)
at PageObjectModel.loginpageobjects.errorMessage(loginpageobjects.java:42)
at TestCases.LoginTestCase.verifyLogin(LoginTestCase.java:25)
at java.base/java.util.ArrayList.forEach(ArrayList.java:1511)
... Removed 25 stack frames]]>
    </failure>
  </testcase> <!-- verifyLogin -->
  <testcase classname="TestCases.LoginTestCase" name="verifyLogin" time="1.512">
    <failure type="java.lang.IllegalArgumentException" message="Locator must be set">
      <![CDATA[java.lang.IllegalArgumentException: Locator must be set
at org.openqa.selenium.internal.Require.nonNull(Require.java:59)
at org.openqa.selenium.remote.RemoteWebDriver.findElement(RemoteWebDriver.java:342)
at PageObjectModel.loginpageobjects.errorMessage(loginpageobjects.java:42)
at TestCases.LoginTestCase.verifyLogin(LoginTestCase.java:25)
at java.base/java.util.ArrayList.forEach(ArrayList.java:1511)
... Removed 25 stack frames]]>
    </failure>
  </testcase> <!-- verifyLogin -->
  <testcase classname="TestCases.SignupTestCases" name="verifySignup" time="13.482"/>
</testsuite> <!-- Test -->
